<?xml version="1.0" encoding="UTF-8"?>
<!-- Generated by org.testng.reporters.JUnitReportReporter -->
<testsuite skipped="0" hostname="THIAGADESK" name="samplePackage.SampleTest1" tests="1" failures="0" timestamp="13 Nov 2019 10:57:41 GMT" time="11.136" errors="0">
  <testcase name="test1" time="11.136" classname="samplePackage.SampleTest1"/>
</testsuite> <!-- samplePackage.SampleTest1 -->
